<?xml version="1.0" encoding="UTF-8"?>
<!-- Generated by org.testng.reporters.JUnitReportReporter -->
<testsuite hostname="Mds-MacBook-Pro.fios-router.home" name="bp.tests.TestLoginPage" tests="3" failures="0" timestamp="15 Feb 2016 06:16:56 GMT" time="13.450" errors="0">
  <testcase name="testInvalidLogin" time="3.680" classname="bp.tests.TestLoginPage"/>
  <testcase name="testRetriveCredential" time="0.293" classname="bp.tests.TestLoginPage"/>
  <testcase name="testGetStartedLink" time="9.477" classname="bp.tests.TestLoginPage"/>
</testsuite> <!-- bp.tests.TestLoginPage -->
