<?xml version="1.0" encoding="UTF-8"?>
<!-- Generated by org.testng.reporters.JUnitReportReporter -->
<testsuite hostname="Mds-MacBook-Pro.fios-router.home" name="bp.tests.TestContactPage" tests="1" failures="0" timestamp="15 Feb 2016 05:12:26 GMT" time="11.193" errors="0">
  <testcase name="testSendContactRequest" time="11.193" classname="bp.tests.TestContactPage"/>
</testsuite> <!-- bp.tests.TestContactPage -->
