<?xml version="1.0" encoding="UTF-8"?>
<!-- Generated by org.testng.reporters.JUnitReportReporter -->
<testsuite hostname="Mds-MacBook-Pro.fios-router.home" name="bp.tests.TestLoginPage" tests="3" failures="0" timestamp="15 Feb 2016 05:12:26 GMT" time="15.965" errors="0">
  <testcase name="testInvalidLogin" time="6.132" classname="bp.tests.TestLoginPage"/>
  <testcase name="testGetStartedLink" time="9.384" classname="bp.tests.TestLoginPage"/>
  <testcase name="testRetriveCredential" time="0.449" classname="bp.tests.TestLoginPage"/>
</testsuite> <!-- bp.tests.TestLoginPage -->
