<?xml version="1.0" encoding="UTF-8"?>
<!-- Generated by org.testng.reporters.JUnitReportReporter -->
<testsuite hostname="Mds-MacBook-Pro.fios-router.home" name="bp.base.TestBase" tests="1" failures="0" timestamp="14 Feb 2016 04:54:46 GMT" time="0.020" errors="0">
  <testcase name="sampleTest" time="0.020" classname="bp.base.TestBase"/>
</testsuite> <!-- bp.base.TestBase -->
