<?xml version="1.0" encoding="UTF-8"?>
<!-- Generated by org.testng.reporters.JUnitReportReporter -->
<testsuite hostname="Mds-MacBook-Pro.fios-router.home" name="bp.tests.TestContactPage" tests="1" failures="0" timestamp="15 Feb 2016 06:16:56 GMT" time="9.269" errors="0">
  <testcase name="testSendContactRequest" time="9.269" classname="bp.tests.TestContactPage"/>
</testsuite> <!-- bp.tests.TestContactPage -->
