<?xml version="1.0" encoding="UTF-8"?>
<!-- Generated by org.testng.reporters.JUnitReportReporter -->
<testsuite hostname="Mds-MacBook-Pro.fios-router.home" name="bp.tests.TestHomePage" tests="1" failures="0" timestamp="14 Feb 2016 05:18:05 GMT" time="2.018" errors="0">
  <testcase name="sampleTest" time="2.018" classname="bp.tests.TestHomePage"/>
</testsuite> <!-- bp.tests.TestHomePage -->
